<?xml version="1.0" encoding="UTF-8"?>
<!-- Generated by org.testng.reporters.JUnitReportReporter -->
<testsuite skipped="0" hostname="LAPTOP-SFI3AQPF" name="testclasses.BankHomeTest" tests="1" failures="0" timestamp="22 Jul 2019 10:38:47 GMT" time="16.085" errors="0">
  <testcase name="homePageTest" time="16.085" classname="testclasses.BankHomeTest"/>
</testsuite> <!-- testclasses.BankHomeTest -->
